0 info it worked if it ends with ok
1 verbose cli [ 'node', '/usr/local/bin/npm', 'install', 'fs' ]
2 info using npm@2.0.0-alpha-5
3 info using node@v0.10.30
4 verbose node symlink /usr/local/bin/node
5 warn package.json commonjs@0.0.1 bugs['web'] should probably be bugs['url'].
6 verbose cache add [ 'fs', null ]
7 verbose cache add spec="fs" args=["fs",null]
8 verbose parsed spec { raw: 'fs',
8 verbose parsed spec   scope: null,
8 verbose parsed spec   name: 'fs',
8 verbose parsed spec   rawSpec: '',
8 verbose parsed spec   spec: '*',
8 verbose parsed spec   type: 'range' }
9 verbose addNamed [ 'fs', '*' ]
10 verbose addNamed [ null, '*' ]
11 silly lockFile d8bf140d-fs fs@*
12 verbose lock fs@* /Users/asplund/.npm/d8bf140d-fs.lock
13 silly addNameRange { name: 'fs', range: '*', hasData: false }
14 verbose mapToRegistry name fs
15 verbose mapToRegistry uri https://registry.npmjs.org/fs
16 verbose registry.get https://registry.npmjs.org/fs not expired, no request
17 silly addNameRange number 2 { name: 'fs', range: '*', hasData: true }
18 silly addNameRange versions [ 'fs', [] ]
19 error TypeError: Cannot read property 'latest' of undefined
19 error     at next (/usr/local/lib/node_modules/npm/lib/cache/add-named.js:226:35)
19 error     at setData (/usr/local/lib/node_modules/npm/lib/cache/add-named.js:214:5)
19 error     at RegClient.get_ (/usr/local/lib/node_modules/npm/node_modules/npm-registry-client/lib/get.js:130:14)
19 error     at RegClient.<anonymous> (/usr/local/lib/node_modules/npm/node_modules/npm-registry-client/lib/get.js:49:12)
19 error     at evalmachine.<anonymous>:271:14
19 error     at /usr/local/lib/node_modules/npm/node_modules/graceful-fs/graceful-fs.js:102:5
19 error     at Object.oncomplete (evalmachine.<anonymous>:107:15)
20 error If you need help, you may report this *entire* log,
20 error including the npm and node versions, at:
20 error     <http://github.com/npm/npm/issues>
21 error System Darwin 13.3.0
22 error command "node" "/usr/local/bin/npm" "install" "fs"
23 error cwd /Users/asplund/Documents/johanasplund.github.io
24 error node -v v0.10.30
25 error npm -v 2.0.0-alpha-5
26 error type non_object_property_load
27 verbose exit [ 1, true ]
